<?xml version="1.0" encoding="UTF-8"?>
<!-- Generated by org.testng.reporters.JUnitReportReporter -->
<testsuite hostname="WaseemKhan" failures="0" tests="1" name="testCases.TC001_AccountRegistrationTest" time="2.201" errors="0" timestamp="2025-08-02T17:36:41 IST" skipped="0">
  <testcase classname="testCases.TC001_AccountRegistrationTest" name="verify_accouunt_registration" time="2.201"/>
</testsuite> <!-- testCases.TC001_AccountRegistrationTest -->
