<?xml version="1.0" encoding="UTF-8"?>
<!-- Generated by org.testng.reporters.JUnitReportReporter -->
<testsuite hostname="WaseemKhan" failures="0" tests="3" name="testCases.TC001_AccountRegistrationTest" time="8.468" errors="0" timestamp="2025-07-27T17:25:10 IST" skipped="0">
  <testcase classname="testCases.TC001_AccountRegistrationTest" name="verify_accouunt_registration" time="3.411"/>
  <testcase classname="testCases.TC001_AccountRegistrationTest" name="verify_accouunt_registration" time="3.390"/>
  <testcase classname="testCases.TC001_AccountRegistrationTest" name="verify_accouunt_registration" time="1.667"/>
</testsuite> <!-- testCases.TC001_AccountRegistrationTest -->
